<?xml version="1.0" encoding="UTF-8"?>
<testsuite name="edu.jsu.mcis.ArgumentTest" tests="2" skipped="0" failures="0" errors="0" timestamp="2016-02-10T18:17:15" hostname="LAPTOP-SIE2BR9A" time="0.0">
  <properties/>
  <testcase name="testCreateArgWithName" classname="edu.jsu.mcis.ArgumentTest" time="0.0"/>
  <testcase name="testCreateArgWithNameAndValue" classname="edu.jsu.mcis.ArgumentTest" time="0.0"/>
  <system-out><![CDATA[]]></system-out>
  <system-err><![CDATA[]]></system-err>
</testsuite>
