<?xml version="1.0" encoding="UTF-8"?>
<testsuite name="edu.jsu.mcis.ArgumentTest" tests="2" skipped="0" failures="0" errors="0" timestamp="2016-02-09T20:54:06" hostname="Jonny" time="0.005">
  <properties/>
  <testcase name="testCreateArgWithName" classname="edu.jsu.mcis.ArgumentTest" time="0.003"/>
  <testcase name="testCreateArgWithNameAndValue" classname="edu.jsu.mcis.ArgumentTest" time="0.001"/>
  <system-out><![CDATA[]]></system-out>
  <system-err><![CDATA[]]></system-err>
</testsuite>
