<?xml version="1.0" encoding="UTF-8"?>
<testsuite name="edu.jsu.mcis.ArgumentTest" tests="5" skipped="0" failures="0" errors="0" timestamp="2016-02-16T20:54:07" hostname="Owner-PC" time="0.002">
  <properties/>
  <testcase name="testSetDescription" classname="edu.jsu.mcis.ArgumentTest" time="0.0"/>
  <testcase name="testCreateArgWithNameAndDescription" classname="edu.jsu.mcis.ArgumentTest" time="0.0"/>
  <testcase name="testCreateArgWithName" classname="edu.jsu.mcis.ArgumentTest" time="0.0"/>
  <testcase name="testGetNameAndDescription" classname="edu.jsu.mcis.ArgumentTest" time="0.001"/>
  <testcase name="testSetValue" classname="edu.jsu.mcis.ArgumentTest" time="0.0"/>
  <system-out><![CDATA[]]></system-out>
  <system-err><![CDATA[]]></system-err>
</testsuite>
