<?xml version="1.0" encoding="UTF-8"?>
<testsuite name="edu.jsu.mcis.ArgumentTest" tests="5" skipped="0" failures="0" errors="0" timestamp="2016-02-15T18:15:38" hostname="LAPTOP-SIE2BR9A" time="0.007">
  <properties/>
  <testcase name="testSetDescription" classname="edu.jsu.mcis.ArgumentTest" time="0.001"/>
  <testcase name="testCreateArgWithNameAndDescription" classname="edu.jsu.mcis.ArgumentTest" time="0.001"/>
  <testcase name="testCreateArgWithName" classname="edu.jsu.mcis.ArgumentTest" time="0.001"/>
  <testcase name="testGetNameAndDescription" classname="edu.jsu.mcis.ArgumentTest" time="0.001"/>
  <testcase name="testSetValue" classname="edu.jsu.mcis.ArgumentTest" time="0.001"/>
  <system-out><![CDATA[]]></system-out>
  <system-err><![CDATA[]]></system-err>
</testsuite>
