<?xml version="1.0" encoding="UTF-8"?>
<testsuite name="edu.jsu.mcis.ArgsParserTest" tests="9" skipped="0" failures="0" errors="0" timestamp="2016-02-15T18:15:38" hostname="LAPTOP-SIE2BR9A" time="0.072">
  <properties/>
  <testcase name="testArgumentIsAddedCorrectly" classname="edu.jsu.mcis.ArgsParserTest" time="0.026"/>
  <testcase name="testCalculateVolume" classname="edu.jsu.mcis.ArgsParserTest" time="0.001"/>
  <testcase name="testArgumentValueIsParsedCorrectly" classname="edu.jsu.mcis.ArgsParserTest" time="0.0"/>
  <testcase name="testTooFewArgumentsForOneArgument" classname="edu.jsu.mcis.ArgsParserTest" time="0.032"/>
  <testcase name="testTooFewArgumentsForTwoArguments" classname="edu.jsu.mcis.ArgsParserTest" time="0.0"/>
  <testcase name="testTooManyArguments" classname="edu.jsu.mcis.ArgsParserTest" time="0.001"/>
  <testcase name="testNewInstanceHasNoArguments" classname="edu.jsu.mcis.ArgsParserTest" time="0.002"/>
  <testcase name="testTooFewArgumentsForZeroArguments" classname="edu.jsu.mcis.ArgsParserTest" time="0.001"/>
  <testcase name="testHelpMessage" classname="edu.jsu.mcis.ArgsParserTest" time="0.001"/>
  <system-out><![CDATA[]]></system-out>
  <system-err><![CDATA[]]></system-err>
</testsuite>
