<?xml version="1.0" encoding="UTF-8"?>
<testsuite name="edu.jsu.mcis.ArgsParserTest" tests="6" skipped="0" failures="0" errors="0" timestamp="2016-02-09T18:24:28" hostname="LAPTOP-SIE2BR9A" time="0.05">
  <properties/>
  <testcase name="testArgumentIsAddedCorrectly" classname="edu.jsu.mcis.ArgsParserTest" time="0.006"/>
  <testcase name="testCalculateVolume" classname="edu.jsu.mcis.ArgsParserTest" time="0.0"/>
  <testcase name="testArgumentValueIsParsedCorrectly" classname="edu.jsu.mcis.ArgsParserTest" time="0.0"/>
  <testcase name="testTooManyArguments" classname="edu.jsu.mcis.ArgsParserTest" time="0.038"/>
  <testcase name="testNewInstanceHasNoArguments" classname="edu.jsu.mcis.ArgsParserTest" time="0.001"/>
  <testcase name="testTooFewArguments" classname="edu.jsu.mcis.ArgsParserTest" time="0.0"/>
  <system-out><![CDATA[]]></system-out>
  <system-err><![CDATA[]]></system-err>
</testsuite>
