<?xml version="1.0" encoding="UTF-8"?>
<<<<<<< HEAD
<testsuite name="edu.jsu.mcis.ArgumentTest" tests="5" skipped="0" failures="0" errors="0" timestamp="2016-02-16T09:12:06" hostname="LAPTOP-SIE2BR9A" time="0.009">
=======
<testsuite name="edu.jsu.mcis.ArgumentTest" tests="5" skipped="0" failures="0" errors="0" timestamp="2016-02-16T20:54:07" hostname="Owner-PC" time="0.002">
>>>>>>> 9cb636bb28d2d487140cd9dc3ae5b8e4e41f6016
  <properties/>
  <testcase name="testSetDescription" classname="edu.jsu.mcis.ArgumentTest" time="0.0"/>
  <testcase name="testCreateArgWithNameAndDescription" classname="edu.jsu.mcis.ArgumentTest" time="0.0"/>
  <testcase name="testCreateArgWithName" classname="edu.jsu.mcis.ArgumentTest" time="0.0"/>
  <testcase name="testGetNameAndDescription" classname="edu.jsu.mcis.ArgumentTest" time="0.001"/>
  <testcase name="testSetValue" classname="edu.jsu.mcis.ArgumentTest" time="0.0"/>
  <system-out><![CDATA[]]></system-out>
  <system-err><![CDATA[]]></system-err>
</testsuite>
