<?xml version="1.0" encoding="UTF-8"?>
<testsuite name="edu.jsu.mcis.ArgsParserTest" tests="6" skipped="0" failures="0" errors="0" timestamp="2016-02-11T20:58:46" hostname="LAPTOP-SIE2BR9A" time="0.17">
  <properties/>
  <testcase name="testArgumentIsAddedCorrectly" classname="edu.jsu.mcis.ArgsParserTest" time="0.027"/>
  <testcase name="testCalculateVolume" classname="edu.jsu.mcis.ArgsParserTest" time="0.002"/>
  <testcase name="testArgumentValueIsParsedCorrectly" classname="edu.jsu.mcis.ArgsParserTest" time="0.001"/>
  <testcase name="testTooManyArguments" classname="edu.jsu.mcis.ArgsParserTest" time="0.109"/>
  <testcase name="testNewInstanceHasNoArguments" classname="edu.jsu.mcis.ArgsParserTest" time="0.002"/>
  <testcase name="testTooFewArguments" classname="edu.jsu.mcis.ArgsParserTest" time="0.003"/>
  <system-out><![CDATA[]]></system-out>
  <system-err><![CDATA[]]></system-err>
</testsuite>
